<?xml version="1.0" encoding="UTF-8"?>
<!-- Generated by org.testng.reporters.JUnitReportReporter -->
<testsuite hostname="DESKTOP-I0C21EG" failures="0" tests="1" name="sampleProject.VerifyTitle" time="0.007" errors="0" timestamp="2023-07-13T10:46:37 IST" skipped="0">
  <testcase classname="sampleProject.VerifyTitle" name="titleVerification" time="0.007"/>
</testsuite> <!-- sampleProject.VerifyTitle -->
