<?xml version="1.0" encoding="UTF-8"?>
<!-- Generated by org.testng.reporters.JUnitReportReporter -->
<testsuite hostname="DESKTOP-I0C21EG" failures="0" tests="1" name="smapleProject.ExplicitWait" time="5.520" errors="0" timestamp="2023-07-13T10:42:47 IST" skipped="0">
  <testcase classname="smapleProject.ExplicitWait" name="VerifyText" time="5.520"/>
</testsuite> <!-- smapleProject.ExplicitWait -->
