<?xml version="1.0" encoding="UTF-8"?>
<!-- Generated by org.testng.reporters.JUnitReportReporter -->
<testsuite hostname="DESKTOP-I0C21EG" failures="0" tests="1" name="sampleProject.ExplicitWait" time="5.403" errors="0" timestamp="2023-07-13T10:46:37 IST" skipped="0">
  <testcase classname="sampleProject.ExplicitWait" name="VerifyText" time="5.403"/>
</testsuite> <!-- sampleProject.ExplicitWait -->
