<?xml version="1.0" encoding="UTF-8"?>
<!-- Generated by org.testng.reporters.JUnitReportReporter -->
<testsuite hostname="DESKTOP-I0C21EG" failures="0" tests="1" name="smapleProject.VerifyTitle" time="0.018" errors="0" timestamp="2023-07-13T10:42:47 IST" skipped="0">
  <testcase classname="smapleProject.VerifyTitle" name="titleVerification" time="0.018"/>
</testsuite> <!-- smapleProject.VerifyTitle -->
