<?xml version="1.0" encoding="UTF-8"?>
<!-- Generated by org.testng.reporters.JUnitReportReporter -->
<testsuite hostname="DESKTOP-I0C21EG" failures="0" tests="3" name="sampleProject.GroupingDemo" time="0.011" errors="0" timestamp="2023-07-13T11:36:29 IST" skipped="0">
  <testcase classname="sampleProject.GroupingDemo" name="Car5" time="0.002"/>
  <testcase classname="sampleProject.GroupingDemo" name="Car4" time="0.002"/>
  <testcase classname="sampleProject.GroupingDemo" name="Car3" time="0.007"/>
</testsuite> <!-- sampleProject.GroupingDemo -->
