<?xml version="1.0" encoding="UTF-8"?>
<!-- Generated by org.testng.reporters.JUnitReportReporter -->
<testsuite hostname="DESKTOP-I0C21EG" failures="0" tests="1" name="sampleProject.RedBus" time="9.153" errors="0" timestamp="2023-07-13T17:28:14 IST" skipped="0">
  <testcase classname="sampleProject.RedBus" name="testBusTicketBooking" time="9.153"/>
</testsuite> <!-- sampleProject.RedBus -->
